<?xml version="1.0" encoding="UTF-8"?>
<!-- Generated by org.testng.reporters.JUnitReportReporter -->
<testsuite skipped="0" hostname="DESKTOP-QGVDP2Q" name="Test.LoginTest" tests="1" failures="0" timestamp="2020-06-12T14:52:53 CDT" time="13.682" errors="0">
  <testcase name="validusername" time="13.682" classname="Test.LoginTest"/>
</testsuite> <!-- Test.LoginTest -->
