<?xml version="1.0" encoding="UTF-8"?>
<!-- Generated by org.testng.reporters.JUnitReportReporter -->
<testsuite skipped="0" hostname="DESKTOP-QGVDP2Q" name="Util.BrowserLaunch" tests="1" failures="0" timestamp="2020-07-22T23:48:56 CDT" time="3.993" errors="0">
  <testcase name="openbrowser" time="3.993" classname="Util.BrowserLaunch"/>
</testsuite> <!-- Util.BrowserLaunch -->
