<?xml version="1.0" encoding="UTF-8"?>
<!-- Generated by org.testng.reporters.JUnitReportReporter -->
<testsuite skipped="0" hostname="DESKTOP-QGVDP2Q" name="Test.UserOpen" tests="1" failures="0" timestamp="2020-07-23T00:31:53 CDT" time="6.212" errors="0">
  <testcase name="Open" time="6.212" classname="Test.UserOpen"/>
</testsuite> <!-- Test.UserOpen -->
