<?xml version="1.0" encoding="UTF-8"?>
<!-- Generated by org.testng.reporters.JUnitReportReporter -->
<testsuite skipped="0" hostname="DESKTOP-QGVDP2Q" name="Test.UserOpen" tests="1" failures="0" timestamp="2020-07-23T18:27:13 CDT" time="15.500" errors="0">
  <testcase name="Open" time="15.500" classname="Test.UserOpen"/>
</testsuite> <!-- Test.UserOpen -->
